
Sarah, 15 M
James, 18 M
Nancy, 6 M
Mark, 7 M
Helen, 15 M
Mark, 15 M
Elizabeth, 15 M
Amanda, 6 M
William, 6 M
Matthew, 18 M
Stephanie, 15 M
Betty, 18 M
Lisa, 10 M
Daniel, 13 M
Sarah, 14 M
Jessica, 10 M
Jessica, 8 M
Daniel, 18 M
James, 11 M
Ashley, 9 M
Jessica, 5 M
Sandra, 13 M
Stephanie, 17 M
Lisa, 15 M
Nancy, 18 M
Anthony, 6 M
Michael, 13 M
William, 16 M
Ashley, 17 M
Sandra, 18 M
Joseph, 16 M
Jessica, 12 M
Joseph, 17 M
Michael, 8 M
Ashley, 10 M
Stephanie, 8 M
Matthew, 6 M
Jessica, 10 M
John, 12 M
Sarah, 6 M
Helen, 13 M
Stephanie, 9 M
Jennifer, 14 M
Mark, 10 M
Emily, 8 M
David, 14 M
Nancy, 17 M
Karen, 5 M
Betty, 5 M
Anthony, 14 M
Maria, 8 M
Robert, 8 M
William, 5 M
Charles, 14 M
Helen, 18 M
William, 15 M
Maria, 9 M
Jessica, 5 M
Joseph, 10 M
Robert, 7 M
Sandra, 9 M
Joseph, 5 M
Amanda, 12 M
Stephanie, 8 M
Sandra, 11 M
Sandra, 10 M
Joseph, 15 M
Joseph, 18 M
Steven, 14 M
Joseph, 18 M
Anthony, 13 M
Sandra, 12 M
Matthew, 15 M
Thomas, 5 M
Maria, 17 M
Betty, 9 M
Betty, 11 M
Jessica, 18 M
Paul, 10 M
David, 12 M
Steven, 8 M
Robert, 15 M
Thomas, 15 M
Matthew, 8 M
William, 6 M
Matthew, 8 M
Ashley, 10 M
Amanda, 7 M
Emily, 7 M
Stephanie, 18 M
Ashley, 13 M
Mark, 14 M
Matthew, 10 M
Joseph, 8 M
Paul, 10 M
David, 12 M
Michael, 15 M
Jessica, 15 M
Karen, 15 M
Helen, 13 M
Mark, 12 M
Thomas, 7 M
Jennifer, 9 M