353.03 922.53 76.12 29.1293
239.88 304.08 286.47 225.988
410.69 732.63 908.83 509.462
218.68 819.82 832.08 221.95
248.6 525.92 156.82 74.1281
445.56 519.21 504.03 432.533
115.2 150.03 260 199.64
351.47 384.77 42.63 38.9406
296.85 44.78 865.74 5739.06
178.02 922.52 426.01 82.2078
70.08 767.15 530.18 48.4325
69.41 787.95 294.41 25.9344
50.62 26.9 533.65 1004.21
126.01 683.66 687.89 126.79
302.46 661.21 768.45 351.515
425.09 381.06 710.21 792.272
407.15 636.05 656.66 420.343
206.15 669.14 212.49 65.4643
186.73 32.6 179.94 1030.68
495.43 390.71 153.46 194.591
95.89 162.02 362.53 214.56
120.61 213.74 616.56 347.915
123.41 643.88 717.37 137.496
103.37 844.18 800.41 98.0104
310.9 898.91 185.87 64.2856
149.38 235.87 480.87 304.542
241.76 419.77 82.75 47.6586
98.94 659.22 533.77 80.1117
175.71 176.54 574.74 572.038
489.92 482.04 713.06 724.717
64.87 287.02 361.99 81.8141
305.29 586.97 239.58 124.608
286.02 334.96 229.11 195.635
332.82 460.29 453.61 327.99
94.43 195.96 935.78 450.937
448.04 509.78 40.18 35.3138
403.82 384.78 271.19 284.609
212.66 550.71 578.46 223.376
144.03 47.71 223.89 675.893
267.71 74.01 188.75 682.749
151.5 173.74 896.4 781.654
459.91 404.86 433.43 492.365
154.47 668.3 930.39 215.049
415.71 87.43 56.47 268.502
318.04 226.6 605.77 850.217
247.81 520.28 643.07 306.295
70.38 883.56 190.82 15.1998
61.97 386.87 353.19 56.575
256.67 80.15 55.19 176.739
112.24 12.33 780.54 7105.26
159.13 686.99 399.38 92.5098
234.05 160.41 229.55 334.93
65.98 530.98 910.98 113.199
162.71 854.99 288.58 54.9186
128.38 538.89 635.82 151.472
79.85 191.24 393.99 164.506
95.84 520.53 28.76 5.29529
310.76 570.38 430.79 234.707
95.46 92.77 0.42 0.432179
291.56 263.63 664.24 734.612
301.5 304.17 4.73 4.68848
190.95 396.7 622.73 299.749
477.92 579.69 662.11 545.87
269.16 491.25 690.49 378.325
326.8 164.71 600.2 1190.85
430.21 929.18 420.19 194.548
199.03 749.1 543.69 144.454
317.93 464.95 559.83 382.808
312.65 878.95 380.96 135.511
446.27 861.44 617.45 319.871
284.71 212.3 451.53 605.535
494.44 599.98 369.63 304.61
494.83 486.45 278.14 282.931
391.59 692.76 674.77 381.421
266.5 754.94 673 237.575
360.34 395.25 619.2 564.51
360.78 846.07 388.56 165.689
354.18 316.5 719.76 805.449
